[    0.000000] Initializing cgroup subsys cpuset
[    0.000000] Initializing cgroup subsys cpu
[    0.000000] Initializing cgroup subsys cpuacct
[    0.000000] Linux version 4.4.0-165-generic (buildd@lgw01-amd64-027) (gcc version 5.4.0 20160609 (Ubuntu 5.4.0-6ubuntu1~16.04.10) ) #193-Ubuntu SMP Tue Sep 17 17:42:52 UTC 2019 (Ubuntu 4.4.0-165.193-generic 4.4.189)
[    0.000000] Command line: BOOT_IMAGE=/boot/vmlinuz-4.4.0-165-generic root=UUID=d7006b2f-ace6-464d-8b21-17180b3ed360 ro console=tty1 console=ttyS0
[    0.000000] KERNEL supported cpus:
[    0.000000]   Intel GenuineIntel
[    0.000000]   AMD AuthenticAMD
[    0.000000]   Centaur CentaurHauls
[    0.000000] x86/fpu: xstate_offset[2]:  576, xstate_sizes[2]:  256
[    0.000000] x86/fpu: Supporting XSAVE feature 0x01: 'x87 floating point registers'
[    0.000000] x86/fpu: Supporting XSAVE feature 0x02: 'SSE registers'
[    0.000000] x86/fpu: Supporting XSAVE feature 0x04: 'AVX registers'
[    0.000000] x86/fpu: Enabled xstate features 0x7, context size is 832 bytes, using 'standard' format.
[    0.000000] e820: BIOS-provided physical RAM map:
[    0.000000] BIOS-e820: [mem 0x0000000000000000-0x000000000009fbff] usable
[    0.000000] BIOS-e820: [mem 0x000000000009fc00-0x000000000009ffff] reserved
[    0.000000] BIOS-e820: [mem 0x00000000000f0000-0x00000000000fffff] reserved
[    0.000000] BIOS-e820: [mem 0x0000000000100000-0x000000003ffeffff] usable
[    0.000000] BIOS-e820: [mem 0x000000003fff0000-0x000000003fffffff] ACPI data
[    0.000000] BIOS-e820: [mem 0x00000000fec00000-0x00000000fec00fff] reserved
[    0.000000] BIOS-e820: [mem 0x00000000fee00000-0x00000000fee00fff] reserved
[    0.000000] BIOS-e820: [mem 0x00000000fffc0000-0x00000000ffffffff] reserved
[    0.000000] NX (Execute Disable) protection: active
[    0.000000] SMBIOS 2.5 present.
[    0.000000] Hypervisor detected: KVM
[    0.000000] e820: last_pfn = 0x3fff0 max_arch_pfn = 0x400000000
[    0.000000] MTRR: Disabled
[    0.000000] x86/PAT: MTRRs disabled, skipping PAT initialization too.
[    0.000000] CPU MTRRs all blank - virtualized system.
[    0.000000] x86/PAT: Configuration [0-7]: WB  WT  UC- UC  WB  WT  UC- UC  
[    0.000000] found SMP MP-table at [mem 0x0009fff0-0x0009ffff] mapped at [ffff88000009fff0]
[    0.000000] Scanning 1 areas for low memory corruption
[    0.000000] RAMDISK: [mem 0x361f8000-0x370f3fff]
[    0.000000] ACPI: Early table checksum verification disabled
[    0.000000] ACPI: RSDP 0x00000000000E0000 000024 (v02 VBOX  )
[    0.000000] ACPI: XSDT 0x000000003FFF0030 00003C (v01 VBOX   VBOXXSDT 00000001 ASL  00000061)
[    0.000000] ACPI: FACP 0x000000003FFF00F0 0000F4 (v04 VBOX   VBOXFACP 00000001 ASL  00000061)
[    0.000000] ACPI: DSDT 0x000000003FFF0470 0022EA (v02 VBOX   VBOXBIOS 00000002 INTL 20100528)
[    0.000000] ACPI: FACS 0x000000003FFF0200 000040
[    0.000000] ACPI: FACS 0x000000003FFF0200 000040
[    0.000000] ACPI: APIC 0x000000003FFF0240 00005C (v02 VBOX   VBOXAPIC 00000001 ASL  00000061)
[    0.000000] ACPI: SSDT 0x000000003FFF02A0 0001CC (v01 VBOX   VBOXCPUT 00000002 INTL 20100528)
[    0.000000] No NUMA configuration found
[    0.000000] Faking a node at [mem 0x0000000000000000-0x000000003ffeffff]
[    0.000000] NODE_DATA(0) allocated [mem 0x3ffeb000-0x3ffeffff]
[    0.000000] kvm-clock: Using msrs 4b564d01 and 4b564d00
[    0.000000] kvm-clock: cpu 0, msr 0:3ffe3001, primary cpu clock
[    0.000000] kvm-clock: using sched offset of 3774698888 cycles
[    0.000000] clocksource: kvm-clock: mask: 0xffffffffffffffff max_cycles: 0x1cd42e4dffb, max_idle_ns: 881590591483 ns
[    0.000000] Zone ranges:
[    0.000000]   DMA      [mem 0x0000000000001000-0x0000000000ffffff]
[    0.000000]   DMA32    [mem 0x0000000001000000-0x000000003ffeffff]
[    0.000000]   Normal   empty
[    0.000000]   Device   empty
[    0.000000] Movable zone start for each node
[    0.000000] Early memory node ranges
[    0.000000]   node   0: [mem 0x0000000000001000-0x000000000009efff]
[    0.000000]   node   0: [mem 0x0000000000100000-0x000000003ffeffff]
[    0.000000] Initmem setup node 0 [mem 0x0000000000001000-0x000000003ffeffff]
[    0.000000] ACPI: PM-Timer IO Port: 0x4008
[    0.000000] IOAPIC[0]: apic_id 2, version 32, address 0xfec00000, GSI 0-23
[    0.000000] ACPI: INT_SRC_OVR (bus 0 bus_irq 0 global_irq 2 dfl dfl)
[    0.000000] ACPI: INT_SRC_OVR (bus 0 bus_irq 9 global_irq 9 low level)
[    0.000000] Using ACPI (MADT) for SMP configuration information
[    0.000000] smpboot: Allowing 2 CPUs, 0 hotplug CPUs
[    0.000000] PM: Registered nosave memory: [mem 0x00000000-0x00000fff]
[    0.000000] PM: Registered nosave memory: [mem 0x0009f000-0x0009ffff]
[    0.000000] PM: Registered nosave memory: [mem 0x000a0000-0x000effff]
[    0.000000] PM: Registered nosave memory: [mem 0x000f0000-0x000fffff]
[    0.000000] e820: [mem 0x40000000-0xfebfffff] available for PCI devices
[    0.000000] Booting paravirtualized kernel on KVM
[    0.000000] clocksource: refined-jiffies: mask: 0xffffffff max_cycles: 0xffffffff, max_idle_ns: 7645519600211568 ns
[    0.000000] setup_percpu: NR_CPUS:512 nr_cpumask_bits:512 nr_cpu_ids:2 nr_node_ids:1
[    0.000000] PERCPU: Embedded 34 pages/cpu @ffff88003fc00000 s99544 r8192 d31528 u1048576
[    0.000000] Built 1 zonelists in Node order, mobility grouping on.  Total pages: 257912
[    0.000000] Policy zone: DMA32
[    0.000000] Kernel command line: BOOT_IMAGE=/boot/vmlinuz-4.4.0-165-generic root=UUID=d7006b2f-ace6-464d-8b21-17180b3ed360 ro console=tty1 console=ttyS0
[    0.000000] PID hash table entries: 4096 (order: 3, 32768 bytes)
[    0.000000] Memory: 997216K/1048120K available (8621K kernel code, 1335K rwdata, 4032K rodata, 1484K init, 1284K bss, 50904K reserved, 0K cma-reserved)
[    0.000000] SLUB: HWalign=64, Order=0-3, MinObjects=0, CPUs=2, Nodes=1
[    0.000000] Kernel/User page tables isolation: enabled
[    0.000000] Hierarchical RCU implementation.
[    0.000000] 	Build-time adjustment of leaf fanout to 64.
[    0.000000] 	RCU restricting CPUs from NR_CPUS=512 to nr_cpu_ids=2.
[    0.000000] RCU: Adjusting geometry for rcu_fanout_leaf=64, nr_cpu_ids=2
[    0.000000] NR_IRQS:33024 nr_irqs:440 16
[    0.000000] Console: colour VGA+ 80x25
[    0.000000] console [tty1] enabled
[    0.000000] console [ttyS0] enabled
[    0.000000] tsc: Detected 2304.000 MHz processor
[    0.156381] Calibrating delay loop (skipped) preset value.. 4608.00 BogoMIPS (lpj=9216000)
[    0.158151] pid_max: default: 32768 minimum: 301
[    0.159103] ACPI: Core revision 20150930
[    0.161216] ACPI: 2 ACPI AML tables successfully acquired and loaded
[    0.163080] Security Framework initialized
[    0.164289] Yama: becoming mindful.
[    0.165134] AppArmor: AppArmor initialized
[    0.166047] Dentry cache hash table entries: 131072 (order: 8, 1048576 bytes)
[    0.168893] Inode-cache hash table entries: 65536 (order: 7, 524288 bytes)
[    0.170625] Mount-cache hash table entries: 2048 (order: 2, 16384 bytes)
[    0.172250] Mountpoint-cache hash table entries: 2048 (order: 2, 16384 bytes)
[    0.173846] Initializing cgroup subsys io
[    0.174834] Initializing cgroup subsys memory
[    0.175769] Initializing cgroup subsys devices
[    0.176686] Initializing cgroup subsys freezer
[    0.177620] Initializing cgroup subsys net_cls
[    0.178531] Initializing cgroup subsys perf_event
[    0.179526] Initializing cgroup subsys net_prio
[    0.180482] Initializing cgroup subsys hugetlb
[    0.181441] Initializing cgroup subsys pids
[    0.183424] mce: CPU supports 0 MCE banks
[    0.184294] Last level iTLB entries: 4KB 64, 2MB 8, 4MB 8
[    0.185361] Last level dTLB entries: 4KB 64, 2MB 0, 4MB 0, 1GB 4
[    0.186716] Spectre V1 : Mitigation: usercopy/swapgs barriers and __user pointer sanitization
[    0.188585] Spectre V2 : Mitigation: Full generic retpoline
[    0.189686] Spectre V2 : Spectre v2 / SpectreRSB mitigation: Filling RSB on context switch
[    0.191786] Speculative Store Bypass: Vulnerable
[    0.192805] MDS: Mitigation: Clear CPU buffers
[    0.196088] Freeing SMP alternatives memory: 36K
[    0.202166] ftrace: allocating 32318 entries in 127 pages
[    0.258727] smpboot: APIC(0) Converting physical 0 to logical package 0
[    0.260307] smpboot: Max logical packages: 1
[    0.261523] x2apic enabled
[    0.262371] Switched APIC routing to physical x2apic.
[    0.264377] ..TIMER: vector=0x30 apic1=0 pin1=2 apic2=-1 pin2=-1
[    0.371369] smpboot: CPU0: Intel(R) Core(TM) i9-9880H CPU @ 2.30GHz (family: 0x6, model: 0x9e, stepping: 0xd)
[    0.374326] Performance Events: unsupported p6 CPU model 158 no PMU driver, software events only.
[    0.385432] KVM setup paravirtual spinlock
[    0.387069] x86: Booting SMP configuration:
[    0.388266] .... node  #0, CPUs:      #1
[    0.389450] kvm-clock: cpu 1, msr 0:3ffe3041, secondary cpu clock
[    0.392236] mce: CPU supports 0 MCE banks
[    0.395060] x86: Booted up 1 node, 2 CPUs
[    0.396341] smpboot: Total of 2 processors activated (9216.00 BogoMIPS)
[    0.398358] devtmpfs: initialized
[    0.401404] evm: security.selinux
[    0.402567] evm: security.SMACK64
[    0.403589] evm: security.SMACK64EXEC
[    0.404493] evm: security.SMACK64TRANSMUTE
[    0.405403] evm: security.SMACK64MMAP
[    0.406178] evm: security.ima
[    0.406847] evm: security.capability
[    0.407904] clocksource: jiffies: mask: 0xffffffff max_cycles: 0xffffffff, max_idle_ns: 7645041785100000 ns
[    0.409900] futex hash table entries: 512 (order: 3, 32768 bytes)
[    0.411267] pinctrl core: initialized pinctrl subsystem
[    0.412828] RTC time: 17:18:29, date: 10/29/19
[    0.414051] NET: Registered protocol family 16
[    0.426909] cpuidle: using governor ladder
[    0.439519] cpuidle: using governor menu
[    0.440413] PCCT header not found.
[    0.441267] ACPI: bus type PCI registered
[    0.442250] acpiphp: ACPI Hot Plug PCI Controller Driver version: 0.5
[    0.444238] PCI: Using configuration type 1 for base access
[    0.460283] ACPI: Added _OSI(Module Device)
[    0.461392] ACPI: Added _OSI(Processor Device)
[    0.462305] ACPI: Added _OSI(3.0 _SCP Extensions)
[    0.463360] ACPI: Added _OSI(Processor Aggregator Device)
[    0.465193] ACPI: Executed 1 blocks of module-level executable AML code
[    0.468249] ACPI: Interpreter enabled
[    0.469144] ACPI: (supports S0 S5)
[    0.469998] ACPI: Using IOAPIC for interrupt routing
[    0.471163] PCI: Using host bridge windows from ACPI; if necessary, use "pci=nocrs" and report a bug
[    0.476865] ACPI: PCI Root Bridge [PCI0] (domain 0000 [bus 00-ff])
[    0.478074] acpi PNP0A03:00: _OSC: OS supports [ASPM ClockPM Segments MSI]
[    0.479623] acpi PNP0A03:00: _OSC: not requesting OS control; OS requires [ExtendedConfig ASPM ClockPM MSI]
[    0.481813] acpi PNP0A03:00: fail to add MMCONFIG information, can't access extended PCI configuration space under this bridge.
[    0.484417] PCI host bridge to bus 0000:00
[    0.485273] pci_bus 0000:00: root bus resource [io  0x0000-0x0cf7 window]
[    0.486551] pci_bus 0000:00: root bus resource [io  0x0d00-0xffff window]
[    0.487890] pci_bus 0000:00: root bus resource [mem 0x000a0000-0x000bffff window]
[    0.489439] pci_bus 0000:00: root bus resource [mem 0x40000000-0xfdffffff window]
[    0.491094] pci_bus 0000:00: root bus resource [bus 00-ff]
[    0.494766] pci 0000:00:01.1: legacy IDE quirk: reg 0x10: [io  0x01f0-0x01f7]
[    0.496171] pci 0000:00:01.1: legacy IDE quirk: reg 0x14: [io  0x03f6]
[    0.497413] pci 0000:00:01.1: legacy IDE quirk: reg 0x18: [io  0x0170-0x0177]
[    0.498729] pci 0000:00:01.1: legacy IDE quirk: reg 0x1c: [io  0x0376]
[    0.524605] pci 0000:00:07.0: quirk: [io  0x4000-0x403f] claimed by PIIX4 ACPI
[    0.526626] pci 0000:00:07.0: quirk: [io  0x4100-0x410f] claimed by PIIX4 SMB
[    0.536947] ACPI: PCI Interrupt Link [LNKA] (IRQs 5 9 10 *11)
[    0.538757] ACPI: PCI Interrupt Link [LNKB] (IRQs 5 9 *10 11)
[    0.540515] ACPI: PCI Interrupt Link [LNKC] (IRQs 5 *9 10 11)
[    0.542357] ACPI: PCI Interrupt Link [LNKD] (IRQs 5 9 10 *11)
[    0.544157] ACPI: Enabled 2 GPEs in block 00 to 07
[    0.545452] vgaarb: setting as boot device: PCI:0000:00:02.0
[    0.546550] vgaarb: device added: PCI:0000:00:02.0,decodes=io+mem,owns=io+mem,locks=none
[    0.548560] vgaarb: loaded
[    0.549352] vgaarb: bridge control possible 0000:00:02.0
[    0.550842] SCSI subsystem initialized
[    0.551779] ACPI: bus type USB registered
[    0.552644] usbcore: registered new interface driver usbfs
[    0.553718] usbcore: registered new interface driver hub
[    0.554830] usbcore: registered new device driver usb
[    0.556287] PCI: Using ACPI for IRQ routing
[    0.557511] NetLabel: Initializing
[    0.558357] NetLabel:  domain hash size = 128
[    0.559301] NetLabel:  protocols = UNLABELED CIPSOv4
[    0.561647] NetLabel:  unlabeled traffic allowed by default
[    0.562910] amd_nb: Cannot enumerate AMD northbridges
[    0.564093] clocksource: Switched to clocksource kvm-clock
[    0.572478] AppArmor: AppArmor Filesystem Enabled
[    0.573582] pnp: PnP ACPI init
[    0.575398] pnp: PnP ACPI: found 3 devices
[    0.584780] clocksource: acpi_pm: mask: 0xffffff max_cycles: 0xffffff, max_idle_ns: 2085701024 ns
[    0.587052] NET: Registered protocol family 2
[    0.588155] TCP established hash table entries: 8192 (order: 4, 65536 bytes)
[    0.589534] TCP bind hash table entries: 8192 (order: 5, 131072 bytes)
[    0.590872] TCP: Hash tables configured (established 8192 bind 8192)
[    0.592178] UDP hash table entries: 512 (order: 2, 16384 bytes)
[    0.593337] UDP-Lite hash table entries: 512 (order: 2, 16384 bytes)
[    0.594574] NET: Registered protocol family 1
[    0.595476] pci 0000:00:00.0: Limiting direct PCI/PCI transfers
[    0.596661] pci 0000:00:01.0: Activating ISA DMA hang workarounds
[    0.598207] Unpacking initramfs...
[    0.836086] Freeing initrd memory: 15344K
[    0.837231] clocksource: tsc: mask: 0xffffffffffffffff max_cycles: 0x2135f7c97c8, max_idle_ns: 440795273205 ns
[    0.839308] platform rtc_cmos: registered platform RTC device (no PNP device found)
[    0.841190] Scanning for low memory corruption every 60 seconds
[    0.843261] audit: initializing netlink subsys (disabled)
[    0.844536] audit: type=2000 audit(1572369514.257:1): initialized
[    0.845990] Initialise system trusted keyring
[    0.847045] HugeTLB registered 2 MB page size, pre-allocated 0 pages
[    0.849551] zbud: loaded
[    0.850522] VFS: Disk quotas dquot_6.6.0
[    0.851468] VFS: Dquot-cache hash table entries: 512 (order 0, 4096 bytes)
[    0.852988] squashfs: version 4.0 (2009/01/31) Phillip Lougher
[    0.854450] fuse init (API version 7.23)
[    0.855583] Key type big_key registered
[    0.856599] Allocating IMA MOK and blacklist keyrings.
[    0.859094] Key type asymmetric registered
[    0.859965] Asymmetric key parser 'x509' registered
[    0.861623] Block layer SCSI generic (bsg) driver version 0.4 loaded (major 249)
[    0.863969] io scheduler noop registered
[    0.865213] io scheduler deadline registered (default)
[    0.866438] io scheduler cfq registered
[    0.867524] pci_hotplug: PCI Hot Plug PCI Core version: 0.5
[    0.868760] pciehp: PCI Express Hot Plug Controller Driver version: 0.4
[    0.870322] ACPI: AC Adapter [AC] (off-line)
[    0.871306] input: Power Button as /devices/LNXSYSTM:00/LNXPWRBN:00/input/input0
[    0.873026] ACPI: Power Button [PWRF]
[    0.873882] input: Sleep Button as /devices/LNXSYSTM:00/LNXSLPBN:00/input/input1
[    0.876011] ACPI: Sleep Button [SLPF]
[    0.877255] GHES: HEST is not enabled!
[    0.878245] ACPI: Battery Slot [BAT0] (battery present)
[    0.879395] Serial: 8250/16550 driver, 32 ports, IRQ sharing enabled
[    0.901763] 00:02: ttyS0 at I/O 0x3f8 (irq = 4, base_baud = 115200) is a 16550A
[    0.905558] Linux agpgart interface v0.103
[    0.909506] loop: module loaded
[    0.911213] scsi host0: ata_piix
[    0.912137] scsi host1: ata_piix
[    0.913024] ata1: PATA max UDMA/33 cmd 0x1f0 ctl 0x3f6 bmdma 0xd000 irq 14
[    0.914479] ata2: PATA max UDMA/33 cmd 0x170 ctl 0x376 bmdma 0xd008 irq 15
[    0.915988] libphy: Fixed MDIO Bus: probed
[    0.917037] tun: Universal TUN/TAP device driver, 1.6
[    0.918114] tun: (C) 1999-2004 Max Krasnyansky <maxk@qualcomm.com>
[    0.919415] PPP generic driver version 2.4.2
[    0.920617] ehci_hcd: USB 2.0 'Enhanced' Host Controller (EHCI) Driver
[    0.922109] ehci-pci: EHCI PCI platform driver
[    0.923038] ehci-platform: EHCI generic platform driver
[    0.924083] ohci_hcd: USB 1.1 'Open' Host Controller (OHCI) Driver
[    0.925380] ohci-pci: OHCI PCI platform driver
[    0.926358] ohci-platform: OHCI generic platform driver
[    0.927403] uhci_hcd: USB Universal Host Controller Interface driver
[    0.928707] i8042: PNP: PS/2 Controller [PNP0303:PS2K,PNP0f03:PS2M] at 0x60,0x64 irq 1,12
[    0.930832] serio: i8042 KBD port at 0x60,0x64 irq 1
[    0.931878] serio: i8042 AUX port at 0x60,0x64 irq 12
[    0.933295] mousedev: PS/2 mouse device common for all mice
[    0.934700] input: AT Translated Set 2 keyboard as /devices/platform/i8042/serio0/input/input2
[    0.936962] rtc_cmos rtc_cmos: rtc core: registered rtc_cmos as rtc0
[    0.938449] rtc_cmos rtc_cmos: alarms up to one day, 114 bytes nvram
[    0.940070] i2c /dev entries driver
[    0.940938] device-mapper: uevent: version 1.0.3
[    0.942010] device-mapper: ioctl: 4.34.0-ioctl (2015-10-28) initialised: dm-devel@redhat.com
[    0.944443] ledtrig-cpu: registered to indicate activity on CPUs
[    0.946070] NET: Registered protocol family 10
[    0.947182] NET: Registered protocol family 17
[    0.948417] Key type dns_resolver registered
[    0.950143] registered taskstats version 1
[    0.951099] Loading compiled-in X.509 certificates
[    0.952551] Loaded X.509 cert 'Build time autogenerated kernel key: 0ed82eac04367aa6426493b1389455ebf6830eaa'
[    0.954608] zswap: loaded using pool lzo/zbud
[    0.957253] Key type trusted registered
[    0.960953] Key type encrypted registered
[    0.961796] AppArmor: AppArmor sha1 policy hashing enabled
[    0.962865] ima: No TPM chip found, activating TPM-bypass!
[    0.963929] ima: Allocated hash algorithm: sha1
[    0.965102] evm: HMAC attrs: 0x1
[    0.966293]   Magic number: 7:280:341
[    0.967167] rtc_cmos rtc_cmos: setting system clock to 2019-10-29 17:18:29 UTC (1572369509)
[    0.969003] BIOS EDD facility v0.16 2004-Jun-25, 0 devices found
[    0.970392] EDD information not available.
[    1.073472] Freeing unused kernel memory: 1484K
[    1.074916] Write protecting the kernel read-only data: 14336k
[    1.076973] Freeing unused kernel memory: 1608K
[    1.078345] Freeing unused kernel memory: 64K
Loading, please wait...
starting version 229
[    1.091313] random: systemd-udevd: uninitialized urandom read (16 bytes read, 3 bits of entropy available)
[    1.091711] random: udevadm: uninitialized urandom read (16 bytes read, 3 bits of entropy available)
[    1.091728] random: udevadm: uninitialized urandom read (16 bytes read, 3 bits of entropy available)
[    1.097482] random: systemd-udevd: uninitialized urandom read (16 bytes read, 3 bits of entropy available)
[    1.098183] random: udevadm: uninitialized urandom read (16 bytes read, 3 bits of entropy available)
[    1.098218] random: udevadm: uninitialized urandom read (16 bytes read, 3 bits of entropy available)
[    1.098321] random: udevadm: uninitialized urandom read (16 bytes read, 3 bits of entropy available)
[    1.098357] random: udevadm: uninitialized urandom read (16 bytes read, 3 bits of entropy available)
[    1.098394] random: udevadm: uninitialized urandom read (16 bytes read, 3 bits of entropy available)
[    1.098431] random: udevadm: uninitialized urandom read (16 bytes read, 3 bits of entropy available)
[    1.142132] e1000: Intel(R) PRO/1000 Network Driver - version 7.3.21-k8-NAPI
[    1.144577] e1000: Copyright (c) 1999-2006 Intel Corporation.
[    1.150503] Fusion MPT base driver 3.04.20
[    1.152006] Copyright (c) 1999-2008 LSI Corporation
[    1.157244] input: ImExPS/2 Generic Explorer Mouse as /devices/platform/i8042/serio1/input/input4
[    1.162195] Fusion MPT SPI Host driver 3.04.20
[    1.187894] AVX2 version of gcm_enc/dec engaged.
[    1.189094] AES CTR mode by8 optimization enabled
[    1.861890] e1000 0000:00:03.0 eth0: (PCI:33MHz:32-bit) 02:14:68:3e:84:47
[    1.863644] e1000 0000:00:03.0 eth0: Intel(R) PRO/1000 Network Connection
[    1.867286] mptbase: ioc0: Initiating bringup
[    2.184522] ioc0: LSI53C1030 A0: Capabilities={Initiator}
[    2.392022] scsi host2: ioc0: LSI53C1030 A0, FwRev=00000000h, Ports=1, MaxQ=256, IRQ=20
[    2.531323] scsi 2:0:0:0: Direct-Access     VBOX     HARDDISK         1.0  PQ: 0 ANSI: 5
[    2.533437] scsi target2:0:0: Beginning Domain Validation
[    2.537369] scsi target2:0:0: Domain Validation skipping write tests
[    2.538883] scsi target2:0:0: Ending Domain Validation
[    2.540248] scsi target2:0:0: asynchronous
[    2.542228] scsi 2:0:1:0: Direct-Access     VBOX     HARDDISK         1.0  PQ: 0 ANSI: 5
[    2.543894] scsi target2:0:1: Beginning Domain Validation
[    2.545853] scsi target2:0:1: Domain Validation skipping write tests
[    2.547107] scsi target2:0:1: Ending Domain Validation
[    2.548407] scsi target2:0:1: asynchronous
[    2.554372] sd 2:0:0:0: [sda] 20971520 512-byte logical blocks: (10.7 GB/10.0 GiB)
[    2.564037] sd 2:0:0:0: Attached scsi generic sg0 type 0
[    2.565992] sd 2:0:0:0: [sda] Write Protect is off
[    2.567569] sd 2:0:0:0: [sda] Incomplete mode parameter data
[    2.569117] sd 2:0:0:0: [sda] Assuming drive cache: write through
[    2.572637] sd 2:0:1:0: Attached scsi generic sg1 type 0
[    2.574401] sd 2:0:1:0: [sdb] 20480 512-byte logical blocks: (10.5 MB/10.0 MiB)
[    2.576781] sd 2:0:1:0: [sdb] Write Protect is off
[    2.578103] sd 2:0:1:0: [sdb] Incomplete mode parameter data
[    2.579869] sd 2:0:1:0: [sdb] Assuming drive cache: write through
[    2.583221]  sda: sda1
[    2.584817] sd 2:0:0:0: [sda] Attached SCSI disk
[    2.586889] sd 2:0:1:0: [sdb] Attached SCSI disk
[    2.934644] e1000 0000:00:08.0 eth1: (PCI:33MHz:32-bit) 08:00:27:25:cd:82
[    2.936894] e1000 0000:00:08.0 eth1: Intel(R) PRO/1000 Network Connection
[    2.941031] e1000 0000:00:08.0 enp0s8: renamed from eth1
[    2.961372] e1000 0000:00:03.0 enp0s3: renamed from eth0
Begin: Loading essential drivers ... [    4.253360] md: linear personality registered for level -1
[    4.257485] md: multipath personality registered for level -4
[    4.261719] md: raid0 personality registered for level 0
[    4.266230] md: raid1 personality registered for level 1
[    4.336200] raid6: sse2x1   gen() 10488 MB/s
[    4.405892] raid6: sse2x1   xor()  7260 MB/s
[    4.472347] raid6: sse2x2   gen() 14552 MB/s
[    4.540288] raid6: sse2x2   xor()  9647 MB/s
[    4.608364] raid6: sse2x4   gen() 14013 MB/s
[    4.676139] raid6: sse2x4   xor()  9201 MB/s
[    4.744652] raid6: avx2x1   gen() 19931 MB/s
[    4.812579] raid6: avx2x2   gen() 26772 MB/s
[    4.880324] raid6: avx2x4   gen() 29101 MB/s
[    4.881710] raid6: using algorithm avx2x4 gen() 29101 MB/s
[    4.882945] raid6: using avx2x2 recovery algorithm
[    4.885117] xor: automatically using best checksumming function:
[    4.924282]    avx       : 25420.000 MB/sec
[    4.926788] async_tx: api initialized (async)
[    4.936220] md: raid6 personality registered for level 6
[    4.937549] md: raid5 personality registered for level 5
[    4.938602] md: raid4 personality registered for level 4
[    4.945448] md: raid10 personality registered for level 10
done.
Begin: Running /scripts/init-premount ... done.
Begin: Mounting root file system ... Begin: Running /scripts/local-top ... done.
Begin: Running /scripts/local-premount ... [    4.973300] Btrfs loaded
Scanning for Btrfs filesystems
done.
Warning: fsck not present, so skipping root file system
[    4.998969] EXT4-fs (sda1): INFO: recovery required on readonly filesystem
[    5.000399] EXT4-fs (sda1): write access will be enabled during recovery
[    5.090738] EXT4-fs (sda1): orphan cleanup on readonly fs
[    5.092126] EXT4-fs (sda1): 6 orphan inodes deleted
[    5.093205] EXT4-fs (sda1): recovery complete
[    5.094664] EXT4-fs (sda1): mounted filesystem with ordered data mode. Opts: (null)
done.
Begin: Running /scripts/local-bottom ... done.
Begin: Running /scripts/init-bottom ... done.
[    5.196029] systemd[1]: systemd 229 running in system mode. (+PAM +AUDIT +SELINUX +IMA +APPARMOR +SMACK +SYSVINIT +UTMP +LIBCRYPTSETUP +GCRYPT +GNUTLS +ACL +XZ -LZ4 +SECCOMP +BLKID +ELFUTILS +KMOD -IDN)
[    5.199698] systemd[1]: Detected virtualization oracle.
[    5.201760] systemd[1]: Detected architecture x86-64.

Welcome to [1mUbuntu 16.04.3 LTS[0m!

[    5.205651] systemd[1]: Set hostname to <ubuntu-xenial>.
[    5.355988] systemd[1]: Listening on udev Control Socket.
[[0;32m  OK  [0m] Listening on udev Control Socket.
[    5.358510] systemd[1]: Set up automount Arbitrary Executable File Formats File System Automount Point.
[[0;32m  OK  [0m] Set up automount Arbitrary Executab...ats File System Automount Point.
[    5.362210] systemd[1]: Listening on /dev/initctl Compatibility Named Pipe.
[[0;32m  OK  [0m] Listening on /dev/initctl Compatibility Named Pipe.
[    5.365258] systemd[1]: Created slice User and Session Slice.
[[0;32m  OK  [0m] Created slice User and Session Slice.
[    5.372426] systemd[1]: Listening on Journal Audit Socket.
[[0;32m  OK  [0m] Listening on Journal Audit Socket.
[    5.374137] systemd[1]: Reached target Encrypted Volumes.
[[0;32m  OK  [0m] Reached target Encrypted Volumes.
[    5.376996] systemd[1]: Started Trigger resolvconf update for networkd DNS.
[[0;32m  OK  [0m] Started Trigger resolvconf update for networkd DNS.
[    5.380339] systemd[1]: Reached target User and Group Name Lookups.
[[0;32m  OK  [0m] Reached target User and Group Name Lookups.
[    5.382959] systemd[1]: Listening on LVM2 metadata daemon socket.
[[0;32m  OK  [0m] Listening on LVM2 metadata daemon socket.
[    5.385244] systemd[1]: Listening on Journal Socket.
[[0;32m  OK  [0m] Listening on Journal Socket.
[    5.387597] systemd[1]: Reached target System Time Synchronized.
[[0;32m  OK  [0m] Reached target System Time Synchronized.
[    5.396809] systemd[1]: Listening on Journal Socket (/dev/log).
[[0;32m  OK  [0m] Listening on Journal Socket (/dev/log).
[    5.399046] systemd[1]: Reached target Swap.
[[0;32m  OK  [0m] Reached target Swap.
[    5.400700] systemd[1]: Listening on Syslog Socket.
[[0;32m  OK  [0m] Listening on Syslog Socket.
[    5.402366] systemd[1]: Listening on Device-mapper event daemon FIFOs.
[[0;32m  OK  [0m] Listening on Device-mapper event daemon FIFOs.
[    5.404378] systemd[1]: Listening on udev Kernel Socket.
[[0;32m  OK  [0m] Listening on udev Kernel Socket.
[    5.406120] systemd[1]: Listening on LVM2 poll daemon socket.
[[0;32m  OK  [0m] Listening on LVM2 poll daemon socket.
[    5.412789] systemd[1]: Started Forward Password Requests to Wall Directory Watch.
[[0;32m  OK  [0m] Started Forward Password Requests to Wall Directory Watch.
[    5.415434] systemd[1]: Created slice System Slice.
[[0;32m  OK  [0m] Created slice System Slice.
[    5.418155] systemd[1]: Created slice system-serial\x2dgetty.slice.
[[0;32m  OK  [0m] Created slice system-serial\x2dgetty.slice.
[    5.440385] systemd[1]: Starting Uncomplicated firewall...
         Starting Uncomplicated firewall...
[    5.443432] systemd[1]: Starting Monitoring of LVM2 mirrors, snapshots etc. using dmeventd or progress polling...
         Starting Monitoring of LVM2 mirrors... dmeventd or progress polling...
[    5.453124] systemd[1]: Starting Set console keymap...
         Starting Set console keymap...
[    5.455815] systemd[1]: Starting Journal Service...
         Starting Journal Service...
[    5.460927] systemd[1]: Mounting Huge Pages File System...
         Mounting Huge Pages File System...
[    5.463943] systemd[1]: Starting Create list of required static device nodes for the current kernel...
         Starting Create list of required st... nodes for the current kernel...
[    5.470097] systemd[1]: Mounting Debug File System...
         Mounting Debug File System...
[    5.476456] systemd[1]: Starting Load Kernel Modules...
         Starting Load Kernel Modules...
[    5.480728] systemd[1]: Starting Nameserver information manager...
         Starting Nameserver information manager...
[    5.483453] systemd[1]: Starting Remount Root and Kernel File Systems...
         Starting Remount Root and Kernel File Systems...
[    5.486994] systemd[1]: Mounting POSIX Message Queue File System...
         Mounting POSIX Message Queue File System...
[    5.489060] systemd[1]: Reached target Slices.
[[0;32m  OK  [0m] Reached target Slices.
[    5.492156] Loading iSCSI transport class v2.0-870.
[    5.493292] systemd[1]: Mounted Debug File System.
[[0;32m  OK  [[    5.497239] EXT4-fs (sda1): re-mounted. Opts: (null)
0m] Mounted Debug File System.
[    5.498750] systemd[1]: Mounted Huge Pages File System.
[[0;32m  OK  [0m] Mounted Huge Pages File System.
[    5.501251] systemd[1]: Mounted POSIX Message Queue File System.
[[0;32m  OK  [0m] Mounted POSIX Message Queue File System.
[    5.503539] systemd[1]: Started Journal Service.
[[0;32m  OK  [0m] Started Journal Service.
[    5.509281] iscsi: registered transport (tcp)
[[0;32m  OK  [0m] Started Uncomplicated firewall.
[[0;32m  OK  [0m] Started Create list of required sta...ce nodes for the current kernel.
[[0;32m  OK  [0m] Started Set console keymap.
[    5.534606] iscsi: registered transport (iser)
[[0;32m  OK  [0m] Started Load Kernel Modules.
[[0;32m  OK  [0m] Started Remount Root and Kernel File Systems.
[[0;32m  OK  [0m] Started Nameserver information manager.
[[0;32m  OK  [0m] Started LVM2 metadata daemon[    5.617262] random: nonblocking pool is initialized
.
         Starting udev Coldplug all Devices...
         Starting Load/Save Random Seed...
         Starting Initial cloud-init job (pre-networking)...
         Mounting FUSE Control File System...
         Starting Apply Kernel Variables...
         Starting Create Static Device Nodes in /dev...
         Starting Flush Journal to Persistent Storage...
[[0;32m  OK  [0m] Mounted FUSE Control File System.
[[0;32m  OK  [0m] Started Load/Save Random Seed.
[[0;32m  OK  [0m] Started Apply Kernel Variables.
[[0;32m  OK  [0m] Started Create Static Device Nodes in /dev.
         Starting udev Kernel Device Manager...
[[0;32m  OK  [0m] Started Flush Journal to Persistent Storage.
[[0;32m  OK  [0m] Started udev Coldplug all Devices.
[[0;32m  OK  [0m] Started udev Kernel Device Manager.
[[0;32m  OK  [0m] Started Dispatch Password Requests to Console Directory Watch.
[[0;32m  OK  [0m] Started Monitoring of LVM2 mirrors,...ng dmeventd or progress polling.
[[0;32m  OK  [0m] Reached target Local File Systems (Pre).
[[0;32m  OK  [0m] Reached target Local File Systems.
         Starting Set console font and keymap...
         Starting Tell Plymouth To Write Out Runtime Data...
         Starting Create Volatile Files and Directories...
         Starting LSB: AppArmor initialization...
[[0;32m  OK  [0m] Started Create Volatile Files and Directories.
         Starting Update UTMP about System Boot/Shutdown...
[[0;32m  OK  [0m] Started Tell Plymouth To Write Out Runtime Data.
[[0;32m  OK  [0m] Started Update UTMP about System Boot/Shutdown.
[[0;32m  OK  [0m] Found device /dev/ttyS0.
[[0;32m  OK  [0m] Started LSB: AppArmor initialization.
[[0;32m  OK  [0m] Listening on Load/Save RF Kill Switch Status /dev/rfkill Watch.
[[0;32m  OK  [0m] Found device 82540EM Gigabit Ethern...r (PRO/1000 MT Desktop Adapter).
[[0;32m  OK  [0m] Found device 82540EM Gigabit Ethern...r (PRO/1000 MT Desktop Adapter).
[    6.217972] cloud-init[448]: Cloud-init v. 0.7.9 running 'init-local' at Tue, 29 Oct 2019 17:18:34 +0000. Up 6.00 seconds.
[[0;32m  OK  [0m] Started Initial cloud-init job (pre-networking).
[[0;32m  OK  [0m] Reached target Network (Pre).
         Starting Raise network interfaces...
[[0;32m  OK  [0m] Started ifup for enp0s8.
[[0;32m  OK  [0m] Started ifup for enp0s3.
[[0;32m  OK  [0m] Started Set console font and keymap.
[[0;32m  OK  [0m] Created slice system-getty.slice.
[[0;32m  OK  [0m] Started Raise network interfaces.
         Starting Initial cloud-init job (metadata service crawler)...
[[0;32m  OK  [0m] Reached target Network.
[    6.991470] cloud-init[1021]: Cloud-init v. 0.7.9 running 'init' at Tue, 29 Oct 2019 17:18:35 +0000. Up 6.75 seconds.
[    6.993169] cloud-init[1021]: ci-info: ++++++++++++++++++++++++++++++++++++++Net device info++++++++++++++++++++++++++++++++++++++
[    6.995101] cloud-init[1021]: ci-info: +--------+------+-----------------------------+---------------+-------+-------------------+
[    6.996841] cloud-init[1021]: ci-info: | Device |  Up  |           Address           |      Mask     | Scope |     Hw-Address    |
[    6.998751] cloud-init[1021]: ci-info: +--------+------+-----------------------------+---------------+-------+-------------------+
[    7.000264] cloud-init[1021]: ci-info: |   lo   | True |          127.0.0.1          |   255.0.0.0   |   .   |         .         |
[    7.008553] cloud-init[1021]: ci-info: |   lo   | True |           ::1/128           |       .       |  host |         .         |
[    7.010018] cloud-init[1021]: ci-info: | enp0s3 | True |          10.0.2.15          | 255.255.255.0 |   .   | 02:14:68:3e:84:47 |
[    7.011970] cloud-init[1021]: ci-info: | enp0s3 | True |  fe80::14:68ff:fe3e:8447/64 |       .       |  link | 02:14:68:3e:84:47 |
[    7.020550] cloud-init[1021]: ci-info: | enp0s8 | True |        192.168.33.10        | 255.255.255.0 |   .   | 08:00:27:25:cd:82 |
[    7.022256] cloud-init[1021]: ci-info: | enp0s8 | True | fe80::a00:27ff:fe25:cd82/64 |       .       |  link | 08:00:27:25:cd:82 |
[    7.028806] cloud-init[1021]: ci-info: +--------+------+-----------------------------+---------------+-------+-------------------+
[    7.031328] cloud-init[1021]: ci-info: ++++++++++++++++++++++++++++Route IPv4 info++++++++++++++++++++++++++++
[    7.033195] cloud-init[1021]: ci-info: +-------+--------------+----------+---------------+-----------+-------+
[    7.040436] cloud-init[1021]: ci-info: | Route | Destination  | Gateway  |    Genmask    | Interface | Flags |
[    7.042655] cloud-init[1021]: ci-info: +-------+--------------+----------+---------------+-----------+-------+
[    7.044559] cloud-init[1021]: ci-info: |   0   |   0.0.0.0    | 10.0.2.2 |    0.0.0.0    |   enp0s3  |   UG  |
[    7.046545] cloud-init[1021]: ci-info: |   1   |   10.0.2.0   | 0.0.0.0  | 255.255.255.0 |   enp0s3  |   U   |
[    7.052749] cloud-init[1021]: ci-info: |   2   | 192.168.33.0 | 0.0.0.0  | 255.255.255.0 |   enp0s8  |   U   |
[    7.054504] cloud-init[1021]: ci-info: +-------+--------------+----------+---------------+-----------+-------+
[[0;32m  OK  [0m] Started Initial cloud-init job (metadata service crawler).
[[0;32m  OK  [0m] Reached target Cloud-config availability.
[[0;32m  OK  [0m] Reached target System Initialization.
[[0;32m  OK  [0m] Listening on UUID daemon activation socket.
[[0;32m  OK  [0m] Started Daily Cleanup of Temporary Directories.
[[0;32m  OK  [0m] Started ACPI Events Check.
[[0;32m  OK  [0m] Reached target Paths.
[[0;32m  OK  [0m] Started Daily apt download activities.
[[0;32m  OK  [0m] Started Daily apt upgrade and clean activities.
[[0;32m  OK  [0m] Reached target Timers.
[[0;32m  OK  [0m] Listening on ACPID Listen Socket.
         Starting LXD - unix socket.
[[0;32m  OK  [0m] Listening on D-Bus System Message Bus Socket.
         Starting Socket activation for snappy daemon.
[[0;32m  OK  [0m] Reached target Network is Online.
         Starting iSCSI initiator daemon (iscsid)...
[[0;32m  OK  [0m] Listening on LXD - unix socket.
[[0;32m  OK  [0m] Listening on Socket activation for snappy daemon.
[[0;32m  OK  [0m] Reached target Sockets.
[[0;32m  OK  [0m] Reached target Basic System.
         Starting Login Service...
[[0;32m  OK  [0m] Started Deferred execution scheduler.
         Starting Accounts Service...
         Starting Virtualbox guest utils...
[[0;32m  OK  [0m] Started FUSE filesystem for LXC.
         Starting LSB: Record successful boot for GRUB...
[[0;32m  OK  [0m] Started D-Bus System Message Bus.
[[0;32m  OK  [0m] Started Regular background program processing daemon.
[[0;32m  OK  [0m] Started Unattended Upgrades Shutdown.
         Starting OpenBSD Secure Shell server...
         Starting /etc/rc.local Compatibility...
         Starting Snappy daemon...
         Starting MySQL Community Server...
         Starting System Logging Service...
         Starting LSB: MD monitoring daemon...
[[0;32m  OK  [0m] Started ACPI event daemon.
         Starting Apply the settings specified in cloud-config...
         Starting LXD - container startup/shutdown...
[[0;32m  OK  [0m] Started /etc/rc.local Compatibility.
[[0;32m  OK  [0m] Started iSCSI initiator daemon (iscsid).
[[0;32m  OK  [0m] Started System Logging Service.
[[0;32m  OK  [0m] Started OpenBSD Secure Shell server.
[[0;32m  OK  [0m] Started LSB: Record successful boot for GRUB.
[[0;32m  OK  [0m] Started Login Service.
         Starting Authenticate and Authorize Users to Run Privileged Tasks...
         Starting Login to default iSCSI targets...
[[0;32m  OK  [0m] Started LSB: MD monitoring daemon.
[[0;32m  OK  [0m] Started LXD - container startup/shutdown.
[[0;32m  OK  [0m] Started Authenticate and Authorize Users to Run Privileged Tasks.
[[0;32m  OK  [0m] Started Accounts Service.
[[0;32m  OK  [0m] Started Login to default iSCSI targets.
[[0;32m  OK  [0m] Reached target Remote File Systems (Pre).
[[0;32m  OK  [0m] Reached target Remote File Systems.
         Starting LSB: Apache2 web server...
         Starting LSB: daemon to balance interrupts for SMP systems...
         Starting Permit User Sessions...
         Starting LSB: Set the CPU Frequency Scaling governor to "ondemand"...
         Starting LSB: automatic crash report generation...
[[0;32m  OK  [0m] Started Virtualbox guest utils.
[[0;32m  OK  [0m] Started Permit User Sessions.
         Starting Terminate Plymouth Boot Screen...
         Starting Hold until boot process finishes up...
[[0;32m  OK  [0m] Started LSB: daemon to balance interrupts for SMP systems.
[[0;32m  OK  [0m] Started LSB: automatic crash report generation.
[[0;32m  OK  [0m] Started Hold until boot process finishes up.
[[0;32m  OK  [0m] Started Terminate Plymouth Boot Screen.
[[0;32m  OK  [0m] Started Snappy daemon.
         Starting Wait until snapd is fully seeded...
[[0;32m  OK  [0m] Started Serial Getty on ttyS0.
[[0;32m  OK  [0m] Started Getty on tty1.
[[0;32m  OK  [0m] Reached target Login Prompts.
         Starting Set console scheme...
[[0;32m  OK  [0m] Started LSB: Set the CPU Frequency Scaling governor to "ondemand".
[[0;32m  OK  [0m] Started Wait until snapd is fully seeded.
[[0;32m  OK  [0m] Started Set console scheme.
[    7.858714] cloud-init[1123]: Cloud-init v. 0.7.9 running 'modules:config' at Tue, 29 Oct 2019 17:18:36 +0000. Up 7.75 seconds.
[[0;32m  OK  [0m] Started Apply the settings specified in cloud-config.
[[0;32m  OK  [0m] Started MySQL Community Server.
[[0;32m  OK  [0m] Started LSB: Apache2 web server.
[[0;32m  OK  [0m] Reached target Multi-User System.
[[0;32m  OK  [0m] Reached target Graphical Interface.
         Starting Execute cloud user/final scripts...
         Starting Update UTMP about System Runlevel Changes...
[[0;32m  OK  [0m] Started Update UTMP about System Runlevel Changes.
[    9.107954] cloud-init[1351]: Cloud-init v. 0.7.9 running 'modules:final' at Tue, 29 Oct 2019 17:18:37 +0000. Up 8.99 seconds.
[    9.120611] cloud-init[1351]: Cloud-init v. 0.7.9 finished at Tue, 29 Oct 2019 17:18:37 +0000. Datasource DataSourceNoCloud [seed=/dev/sdb][dsmode=net].  Up 9.10 seconds
[[0;32m  OK  [0m] Started Execute cloud user/final scripts.
[[0;32m  OK  [0m] Reached target Cloud-init target.

Ubuntu 16.04.3 LTS ubuntu-xenial ttyS0

ubuntu-xenial login: 